<?xml version="1.0" encoding="UTF-8"?>
<robot generator="Robot 4.0.1 (Python 3.9.4 on win32)" generated="20210507 00:29:41.287" rpa="false" schemaversion="2">
<suite id="s1" name="Carrinho" source="C:\qaninja\Robotweek\tests\carrinho.robot">
<test id="s1-t1" name="Deve adicionar no carrinho">
<kw name="Start Session" library="base" type="SETUP">
<kw name="New Browser" library="Browser">
<arg>chromium</arg>
<arg>False</arg>
<tag>BrowserControl</tag>
<tag>Setter</tag>
<doc>Create a new playwright Browser with specified options.
See `Browser, Context and Page` for more information about Browser and related concepts.</doc>
<msg timestamp="20210507 00:29:42.750" level="INFO">{"browser": "chromium", "headless": false, "handleSIGINT": true, "handleSIGTERM": true, "handleSIGHUP": true, "timeout": 30000.0, "devtools": false, "slowMo": 0.0}</msg>
<msg timestamp="20210507 00:29:43.275" level="INFO">Successfully created browser with options: {"browser":"chromium","headless":false,"handleSIGINT":true,"handleSIGTERM":true,"handleSIGHUP":true,"timeout":30000,"devtools":false,"slowMo":0}</msg>
<status status="PASS" starttime="20210507 00:29:42.750" endtime="20210507 00:29:43.276"/>
</kw>
<kw name="New Page" library="Browser">
<arg>http://parodifood.qaninja.academy/</arg>
<tag>BrowserControl</tag>
<tag>Setter</tag>
<doc>Open a new Page. A Page is the Playwright equivalent to a tab.
See `Browser, Context and Page` for more information about Page concept.
Returns a stable identifier for the created page.</doc>
<msg timestamp="20210507 00:29:45.715" level="INFO">Successfully initialized new page object and opened url: http://parodifood.qaninja.academy/</msg>
<status status="PASS" starttime="20210507 00:29:43.276" endtime="20210507 00:29:45.716"/>
</kw>
<kw name="Get Text" library="Browser">
<arg>css=span</arg>
<arg>contains</arg>
<arg>Nunca foi tão engraçado pedir comida</arg>
<tag>Assertion</tag>
<tag>Getter</tag>
<tag>PageContent</tag>
<doc>Returns text attribute of the element found by ``selector``.
See the `Finding elements` section for details about the selectors.</doc>
<status status="PASS" starttime="20210507 00:29:45.716" endtime="20210507 00:29:45.903"/>
</kw>
<status status="PASS" starttime="20210507 00:29:42.749" endtime="20210507 00:29:45.904"/>
</kw>
<kw name="Create Dictionary" library="BuiltIn">
<var>&amp;{restaurant}</var>
<arg>name=STARBUGS COFFEE</arg>
<arg>desc=Nada melhor que um café pra te ajudar a resolver um bug.</arg>
<doc>Creates and returns a dictionary based on the given ``items``.</doc>
<msg timestamp="20210507 00:29:45.907" level="INFO">&amp;{restaurant} = { name=STARBUGS COFFEE | desc=Nada melhor que um café pra te ajudar a resolver um bug. }</msg>
<status status="PASS" starttime="20210507 00:29:45.905" endtime="20210507 00:29:45.907"/>
</kw>
<kw name="Go to restaurantes" library="search">
<kw name="Click" library="Browser">
<arg>text=Estou com fome!</arg>
<tag>PageContent</tag>
<tag>Setter</tag>
<doc>Simulates mouse click on the element found by ``selector``.</doc>
<status status="PASS" starttime="20210507 00:29:45.909" endtime="20210507 00:29:46.111"/>
</kw>
<kw name="Get Text" library="Browser">
<arg>css=h1 strong</arg>
<arg>contains</arg>
<arg>Ta na hora de matar a fome!</arg>
<tag>Assertion</tag>
<tag>Getter</tag>
<tag>PageContent</tag>
<doc>Returns text attribute of the element found by ``selector``.
See the `Finding elements` section for details about the selectors.</doc>
<status status="PASS" starttime="20210507 00:29:46.112" endtime="20210507 00:29:46.141"/>
</kw>
<status status="PASS" starttime="20210507 00:29:45.908" endtime="20210507 00:29:46.141"/>
</kw>
<kw name="Choose Restaurant">
<arg>${restaurant}</arg>
<kw name="Click" library="Browser">
<arg>text=${restaurant["name"]}</arg>
<tag>PageContent</tag>
<tag>Setter</tag>
<doc>Simulates mouse click on the element found by ``selector``.</doc>
<status status="PASS" starttime="20210507 00:29:46.142" endtime="20210507 00:29:47.332"/>
</kw>
<kw name="Wait For Elements State" library="Browser">
<arg>css=#detail</arg>
<arg>visible</arg>
<arg>10</arg>
<tag>PageContent</tag>
<tag>Wait</tag>
<doc>Waits for the element found by ``selector`` to satisfy state option.</doc>
<msg timestamp="20210507 00:29:47.343" level="INFO">Wait for Element with selector: css=#detail</msg>
<status status="PASS" starttime="20210507 00:29:47.332" endtime="20210507 00:29:47.343"/>
</kw>
<kw name="Get Text" library="Browser">
<arg>css=#detail</arg>
<arg>contains</arg>
<arg>${restaurant["desc"]}</arg>
<tag>Assertion</tag>
<tag>Getter</tag>
<tag>PageContent</tag>
<doc>Returns text attribute of the element found by ``selector``.
See the `Finding elements` section for details about the selectors.</doc>
<status status="PASS" starttime="20210507 00:29:47.343" endtime="20210507 00:29:47.371"/>
</kw>
<status status="PASS" starttime="20210507 00:29:46.141" endtime="20210507 00:29:47.371"/>
</kw>
<kw name="Add To Cart">
<arg>Cappuccino com Chantilly</arg>
<kw name="Click" library="Browser">
<arg>xpath=//span[text()="${name}"]/..//a[@class="add-to-cart"]</arg>
<tag>PageContent</tag>
<tag>Setter</tag>
<doc>Simulates mouse click on the element found by ``selector``.</doc>
<status status="PASS" starttime="20210507 00:29:47.372" endtime="20210507 00:29:47.873"/>
</kw>
<status status="PASS" starttime="20210507 00:29:47.372" endtime="20210507 00:29:47.873"/>
</kw>
<kw name="Should Add To Cart">
<arg>Cappuccino com Chantilly</arg>
<kw name="Wait For Elements State" library="Browser">
<arg>css=#cart tr &gt;&gt; text=${name}</arg>
<arg>visible</arg>
<arg>5</arg>
<tag>PageContent</tag>
<tag>Wait</tag>
<doc>Waits for the element found by ``selector`` to satisfy state option.</doc>
<msg timestamp="20210507 00:29:47.887" level="INFO">Wait for Element with selector: css=#cart tr &gt;&gt; text=Cappuccino com Chantilly</msg>
<status status="PASS" starttime="20210507 00:29:47.874" endtime="20210507 00:29:47.887"/>
</kw>
<status status="PASS" starttime="20210507 00:29:47.874" endtime="20210507 00:29:47.888"/>
</kw>
<kw name="Add To Cart">
<arg>Super Espreso</arg>
<kw name="Click" library="Browser">
<arg>xpath=//span[text()="${name}"]/..//a[@class="add-to-cart"]</arg>
<tag>PageContent</tag>
<tag>Setter</tag>
<doc>Simulates mouse click on the element found by ``selector``.</doc>
<status status="PASS" starttime="20210507 00:29:47.889" endtime="20210507 00:29:47.949"/>
</kw>
<status status="PASS" starttime="20210507 00:29:47.888" endtime="20210507 00:29:47.950"/>
</kw>
<kw name="Should Add To Cart">
<arg>Super Espreso</arg>
<kw name="Wait For Elements State" library="Browser">
<arg>css=#cart tr &gt;&gt; text=${name}</arg>
<arg>visible</arg>
<arg>5</arg>
<tag>PageContent</tag>
<tag>Wait</tag>
<doc>Waits for the element found by ``selector`` to satisfy state option.</doc>
<msg timestamp="20210507 00:29:47.961" level="INFO">Wait for Element with selector: css=#cart tr &gt;&gt; text=Super Espreso</msg>
<status status="PASS" starttime="20210507 00:29:47.951" endtime="20210507 00:29:47.962"/>
</kw>
<status status="PASS" starttime="20210507 00:29:47.950" endtime="20210507 00:29:47.962"/>
</kw>
<kw name="Add To Cart">
<arg>Starbugs 500 error</arg>
<kw name="Click" library="Browser">
<arg>xpath=//span[text()="${name}"]/..//a[@class="add-to-cart"]</arg>
<tag>PageContent</tag>
<tag>Setter</tag>
<doc>Simulates mouse click on the element found by ``selector``.</doc>
<status status="PASS" starttime="20210507 00:29:47.964" endtime="20210507 00:29:48.017"/>
</kw>
<status status="PASS" starttime="20210507 00:29:47.963" endtime="20210507 00:29:48.017"/>
</kw>
<kw name="Should Add To Cart">
<arg>Starbugs 500 error</arg>
<kw name="Wait For Elements State" library="Browser">
<arg>css=#cart tr &gt;&gt; text=${name}</arg>
<arg>visible</arg>
<arg>5</arg>
<tag>PageContent</tag>
<tag>Wait</tag>
<doc>Waits for the element found by ``selector`` to satisfy state option.</doc>
<msg timestamp="20210507 00:29:48.030" level="INFO">Wait for Element with selector: css=#cart tr &gt;&gt; text=Starbugs 500 error</msg>
<status status="PASS" starttime="20210507 00:29:48.019" endtime="20210507 00:29:48.030"/>
</kw>
<status status="PASS" starttime="20210507 00:29:48.018" endtime="20210507 00:29:48.031"/>
</kw>
<kw name="Total Cart Should Be">
<arg>38,00</arg>
<kw name="Get Text" library="Browser">
<arg>xpath=//th[contains(text(),"Total")]/..//td</arg>
<arg>contains</arg>
<arg>${total}</arg>
<tag>Assertion</tag>
<tag>Getter</tag>
<tag>PageContent</tag>
<doc>Returns text attribute of the element found by ``selector``.
See the `Finding elements` section for details about the selectors.</doc>
<status status="PASS" starttime="20210507 00:29:48.032" endtime="20210507 00:29:48.052"/>
</kw>
<status status="PASS" starttime="20210507 00:29:48.031" endtime="20210507 00:29:48.052"/>
</kw>
<kw name="Sleep" library="BuiltIn">
<arg>10</arg>
<doc>Pauses the test executed for the given time.</doc>
<msg timestamp="20210507 00:29:58.060" level="INFO">Slept 10 seconds</msg>
<status status="PASS" starttime="20210507 00:29:48.053" endtime="20210507 00:29:58.060"/>
</kw>
<kw name="Take Screenshot" library="Browser" type="TEARDOWN">
<tag>PageContent</tag>
<doc>Takes a screenshot of the current window and saves it to ``path``. Saves it as a png.</doc>
<msg timestamp="20210507 00:29:58.233" level="INFO" html="true">&lt;/td&gt;&lt;/tr&gt;&lt;tr&gt;&lt;td colspan="3"&gt;&lt;a href="browser/screenshot/robotframework-browser-screenshot-1.png"&gt;&lt;img src="browser/screenshot/robotframework-browser-screenshot-1.png" width="800px"&gt;&lt;/a&gt;</msg>
<status status="PASS" starttime="20210507 00:29:58.061" endtime="20210507 00:29:58.233"/>
</kw>
<tag>temp</tag>
<status status="PASS" starttime="20210507 00:29:42.746" endtime="20210507 00:29:58.234"/>
</test>
<status status="PASS" starttime="20210507 00:29:41.292" endtime="20210507 00:29:58.326"/>
</suite>
<statistics>
<total>
<stat pass="1" fail="0" skip="0">All Tests</stat>
</total>
<tag>
<stat pass="1" fail="0" skip="0">temp</stat>
</tag>
<suite>
<stat pass="1" fail="0" skip="0" id="s1" name="Carrinho">Carrinho</stat>
</suite>
</statistics>
<errors>
</errors>
</robot>
