<?xml version="1.0" encoding="UTF-8"?>
<robot generator="Robot 4.0.1 (Python 3.9.4 on win32)" generated="20210506 23:02:14.379" rpa="false" schemaversion="2">
<suite id="s1" name="Busca" source="C:\qaninja\Robotweek\tests\busca.robot">
<test id="s1-t1" name="Deve buscar um unico restaurante">
<kw name="Start Session" library="base" type="SETUP">
<kw name="New Browser" library="Browser">
<arg>chromium</arg>
<arg>False</arg>
<tag>BrowserControl</tag>
<tag>Setter</tag>
<doc>Create a new playwright Browser with specified options.
See `Browser, Context and Page` for more information about Browser and related concepts.</doc>
<msg timestamp="20210506 23:02:15.889" level="INFO">{"browser": "chromium", "headless": false, "handleSIGINT": true, "handleSIGTERM": true, "handleSIGHUP": true, "timeout": 30000.0, "devtools": false, "slowMo": 0.0}</msg>
<msg timestamp="20210506 23:02:16.531" level="INFO">Successfully created browser with options: {"browser":"chromium","headless":false,"handleSIGINT":true,"handleSIGTERM":true,"handleSIGHUP":true,"timeout":30000,"devtools":false,"slowMo":0}</msg>
<status status="PASS" starttime="20210506 23:02:15.888" endtime="20210506 23:02:16.531"/>
</kw>
<kw name="New Page" library="Browser">
<arg>http://parodifood.qaninja.academy/</arg>
<tag>BrowserControl</tag>
<tag>Setter</tag>
<doc>Open a new Page. A Page is the Playwright equivalent to a tab.
See `Browser, Context and Page` for more information about Page concept.
Returns a stable identifier for the created page.</doc>
<msg timestamp="20210506 23:02:19.347" level="INFO">Successfully initialized new page object and opened url: http://parodifood.qaninja.academy/</msg>
<status status="PASS" starttime="20210506 23:02:16.532" endtime="20210506 23:02:19.348"/>
</kw>
<kw name="Get Text" library="Browser">
<arg>css=span</arg>
<arg>contains</arg>
<arg>Nunca foi tão engraçado pedir comida</arg>
<tag>Assertion</tag>
<tag>Getter</tag>
<tag>PageContent</tag>
<doc>Returns text attribute of the element found by ``selector``.
See the `Finding elements` section for details about the selectors.</doc>
<status status="PASS" starttime="20210506 23:02:19.349" endtime="20210506 23:02:19.481"/>
</kw>
<status status="PASS" starttime="20210506 23:02:15.888" endtime="20210506 23:02:19.481"/>
</kw>
<kw name="Go to restaurantes" library="search">
<kw name="Click" library="Browser">
<arg>text=Estou com fome!</arg>
<tag>PageContent</tag>
<tag>Setter</tag>
<doc>Simulates mouse click on the element found by ``selector``.</doc>
<status status="PASS" starttime="20210506 23:02:19.484" endtime="20210506 23:02:19.691"/>
</kw>
<kw name="Get Text" library="Browser">
<arg>css=h1 strong</arg>
<arg>contains</arg>
<arg>Ta na hora de matar a fome!</arg>
<tag>Assertion</tag>
<tag>Getter</tag>
<tag>PageContent</tag>
<doc>Returns text attribute of the element found by ``selector``.
See the `Finding elements` section for details about the selectors.</doc>
<status status="PASS" starttime="20210506 23:02:19.691" endtime="20210506 23:02:19.721"/>
</kw>
<status status="PASS" starttime="20210506 23:02:19.483" endtime="20210506 23:02:19.721"/>
</kw>
<kw name="Search By" library="search">
<arg>Debuger</arg>
<kw name="Click" library="Browser">
<arg>css=.search-link</arg>
<tag>PageContent</tag>
<tag>Setter</tag>
<doc>Simulates mouse click on the element found by ``selector``.</doc>
<status status="PASS" starttime="20210506 23:02:19.722" endtime="20210506 23:02:19.777"/>
</kw>
<kw name="Fill Text" library="Browser">
<arg>css=input[formcontrolname="searchControl"]</arg>
<arg>${value}</arg>
<tag>PageContent</tag>
<tag>Setter</tag>
<doc>Clears and fills the given ``text`` into the text field found by ``selector``.</doc>
<msg timestamp="20210506 23:02:19.778" level="INFO">Fills the text 'Debuger' in the given field.</msg>
<status status="PASS" starttime="20210506 23:02:19.777" endtime="20210506 23:02:19.807"/>
</kw>
<status status="PASS" starttime="20210506 23:02:19.722" endtime="20210506 23:02:19.807"/>
</kw>
<kw name="Restaurant Shold Be visible" library="search">
<arg>DEBUGER KING</arg>
<kw name="Wait For Elements State" library="Browser">
<arg>${DIV_BOX_RESTAURANT}</arg>
<arg>visible</arg>
<arg>12</arg>
<tag>PageContent</tag>
<tag>Wait</tag>
<doc>Waits for the element found by ``selector`` to satisfy state option.</doc>
<msg timestamp="20210506 23:02:20.901" level="INFO">Wait for Element with selector: css=div[class= "place-info-box"][style="opacity: 1;"]</msg>
<status status="PASS" starttime="20210506 23:02:19.809" endtime="20210506 23:02:20.901"/>
</kw>
<kw name="Get Text" library="Browser">
<arg>${DIV_BOX_RESTAURANT}</arg>
<arg>contains</arg>
<arg>${name}</arg>
<tag>Assertion</tag>
<tag>Getter</tag>
<tag>PageContent</tag>
<doc>Returns text attribute of the element found by ``selector``.
See the `Finding elements` section for details about the selectors.</doc>
<status status="PASS" starttime="20210506 23:02:20.901" endtime="20210506 23:02:20.922"/>
</kw>
<status status="PASS" starttime="20210506 23:02:19.808" endtime="20210506 23:02:20.922"/>
</kw>
<kw name="Restaurant Count Shold Be" library="search">
<arg>1</arg>
<kw name="Wait For Elements State" library="Browser">
<arg>${DIV_BOX_RESTAURANT}</arg>
<arg>visible</arg>
<arg>12</arg>
<tag>PageContent</tag>
<tag>Wait</tag>
<doc>Waits for the element found by ``selector`` to satisfy state option.</doc>
<msg timestamp="20210506 23:02:20.934" level="INFO">Wait for Element with selector: css=div[class= "place-info-box"][style="opacity: 1;"]</msg>
<status status="PASS" starttime="20210506 23:02:20.923" endtime="20210506 23:02:20.934"/>
</kw>
<kw name="Get Element Count" library="Browser">
<arg>${DIV_BOX_RESTAURANT}</arg>
<arg>equal</arg>
<arg>${qtd}</arg>
<tag>Assertion</tag>
<tag>Getter</tag>
<tag>PageContent</tag>
<doc>Returns the count of elements found with ``selector``.</doc>
<status status="PASS" starttime="20210506 23:02:20.934" endtime="20210506 23:02:20.944"/>
</kw>
<status status="PASS" starttime="20210506 23:02:20.923" endtime="20210506 23:02:20.944"/>
</kw>
<kw name="Take Screenshot" library="Browser" type="TEARDOWN">
<tag>PageContent</tag>
<doc>Takes a screenshot of the current window and saves it to ``path``. Saves it as a png.</doc>
<msg timestamp="20210506 23:02:21.113" level="INFO" html="true">&lt;/td&gt;&lt;/tr&gt;&lt;tr&gt;&lt;td colspan="3"&gt;&lt;a href="browser/screenshot/robotframework-browser-screenshot-1.png"&gt;&lt;img src="browser/screenshot/robotframework-browser-screenshot-1.png" width="800px"&gt;&lt;/a&gt;</msg>
<status status="PASS" starttime="20210506 23:02:20.945" endtime="20210506 23:02:21.113"/>
</kw>
<status status="PASS" starttime="20210506 23:02:15.885" endtime="20210506 23:02:21.114"/>
</test>
<test id="s1-t2" name="Deve buscar por categoria">
<kw name="Start Session" library="base" type="SETUP">
<kw name="New Browser" library="Browser">
<arg>chromium</arg>
<arg>False</arg>
<tag>BrowserControl</tag>
<tag>Setter</tag>
<doc>Create a new playwright Browser with specified options.
See `Browser, Context and Page` for more information about Browser and related concepts.</doc>
<msg timestamp="20210506 23:02:21.214" level="INFO">{"browser": "chromium", "headless": false, "handleSIGINT": true, "handleSIGTERM": true, "handleSIGHUP": true, "timeout": 30000.0, "devtools": false, "slowMo": 0.0}</msg>
<msg timestamp="20210506 23:02:21.863" level="INFO">Successfully created browser with options: {"browser":"chromium","headless":false,"handleSIGINT":true,"handleSIGTERM":true,"handleSIGHUP":true,"timeout":30000,"devtools":false,"slowMo":0}</msg>
<status status="PASS" starttime="20210506 23:02:21.214" endtime="20210506 23:02:21.863"/>
</kw>
<kw name="New Page" library="Browser">
<arg>http://parodifood.qaninja.academy/</arg>
<tag>BrowserControl</tag>
<tag>Setter</tag>
<doc>Open a new Page. A Page is the Playwright equivalent to a tab.
See `Browser, Context and Page` for more information about Page concept.
Returns a stable identifier for the created page.</doc>
<msg timestamp="20210506 23:02:24.405" level="INFO">Successfully initialized new page object and opened url: http://parodifood.qaninja.academy/</msg>
<status status="PASS" starttime="20210506 23:02:21.863" endtime="20210506 23:02:24.406"/>
</kw>
<kw name="Get Text" library="Browser">
<arg>css=span</arg>
<arg>contains</arg>
<arg>Nunca foi tão engraçado pedir comida</arg>
<tag>Assertion</tag>
<tag>Getter</tag>
<tag>PageContent</tag>
<doc>Returns text attribute of the element found by ``selector``.
See the `Finding elements` section for details about the selectors.</doc>
<status status="PASS" starttime="20210506 23:02:24.406" endtime="20210506 23:02:24.512"/>
</kw>
<status status="PASS" starttime="20210506 23:02:21.213" endtime="20210506 23:02:24.513"/>
</kw>
<kw name="Go to restaurantes" library="search">
<kw name="Click" library="Browser">
<arg>text=Estou com fome!</arg>
<tag>PageContent</tag>
<tag>Setter</tag>
<doc>Simulates mouse click on the element found by ``selector``.</doc>
<status status="PASS" starttime="20210506 23:02:24.516" endtime="20210506 23:02:24.729"/>
</kw>
<kw name="Get Text" library="Browser">
<arg>css=h1 strong</arg>
<arg>contains</arg>
<arg>Ta na hora de matar a fome!</arg>
<tag>Assertion</tag>
<tag>Getter</tag>
<tag>PageContent</tag>
<doc>Returns text attribute of the element found by ``selector``.
See the `Finding elements` section for details about the selectors.</doc>
<status status="PASS" starttime="20210506 23:02:24.730" endtime="20210506 23:02:24.765"/>
</kw>
<status status="PASS" starttime="20210506 23:02:24.515" endtime="20210506 23:02:24.765"/>
</kw>
<kw name="Search By" library="search">
<arg>cafe</arg>
<kw name="Click" library="Browser">
<arg>css=.search-link</arg>
<tag>PageContent</tag>
<tag>Setter</tag>
<doc>Simulates mouse click on the element found by ``selector``.</doc>
<status status="PASS" starttime="20210506 23:02:24.766" endtime="20210506 23:02:24.824"/>
</kw>
<kw name="Fill Text" library="Browser">
<arg>css=input[formcontrolname="searchControl"]</arg>
<arg>${value}</arg>
<tag>PageContent</tag>
<tag>Setter</tag>
<doc>Clears and fills the given ``text`` into the text field found by ``selector``.</doc>
<msg timestamp="20210506 23:02:24.825" level="INFO">Fills the text 'cafe' in the given field.</msg>
<status status="PASS" starttime="20210506 23:02:24.824" endtime="20210506 23:02:24.851"/>
</kw>
<status status="PASS" starttime="20210506 23:02:24.766" endtime="20210506 23:02:24.851"/>
</kw>
<kw name="Restaurant Shold Be visible" library="search">
<arg>STARBUGS COFFEE</arg>
<kw name="Wait For Elements State" library="Browser">
<arg>${DIV_BOX_RESTAURANT}</arg>
<arg>visible</arg>
<arg>12</arg>
<tag>PageContent</tag>
<tag>Wait</tag>
<doc>Waits for the element found by ``selector`` to satisfy state option.</doc>
<msg timestamp="20210506 23:02:26.164" level="INFO">Wait for Element with selector: css=div[class= "place-info-box"][style="opacity: 1;"]</msg>
<status status="PASS" starttime="20210506 23:02:24.852" endtime="20210506 23:02:26.164"/>
</kw>
<kw name="Get Text" library="Browser">
<arg>${DIV_BOX_RESTAURANT}</arg>
<arg>contains</arg>
<arg>${name}</arg>
<tag>Assertion</tag>
<tag>Getter</tag>
<tag>PageContent</tag>
<doc>Returns text attribute of the element found by ``selector``.
See the `Finding elements` section for details about the selectors.</doc>
<status status="PASS" starttime="20210506 23:02:26.164" endtime="20210506 23:02:26.196"/>
</kw>
<status status="PASS" starttime="20210506 23:02:24.852" endtime="20210506 23:02:26.196"/>
</kw>
<kw name="Take Screenshot" library="Browser" type="TEARDOWN">
<tag>PageContent</tag>
<doc>Takes a screenshot of the current window and saves it to ``path``. Saves it as a png.</doc>
<msg timestamp="20210506 23:02:26.346" level="INFO" html="true">&lt;/td&gt;&lt;/tr&gt;&lt;tr&gt;&lt;td colspan="3"&gt;&lt;a href="browser/screenshot/robotframework-browser-screenshot-2.png"&gt;&lt;img src="browser/screenshot/robotframework-browser-screenshot-2.png" width="800px"&gt;&lt;/a&gt;</msg>
<status status="PASS" starttime="20210506 23:02:26.197" endtime="20210506 23:02:26.346"/>
</kw>
<status status="PASS" starttime="20210506 23:02:21.200" endtime="20210506 23:02:26.347"/>
</test>
<test id="s1-t3" name="Deve buscar todos os restaurantes">
<kw name="Start Session" library="base" type="SETUP">
<kw name="New Browser" library="Browser">
<arg>chromium</arg>
<arg>False</arg>
<tag>BrowserControl</tag>
<tag>Setter</tag>
<doc>Create a new playwright Browser with specified options.
See `Browser, Context and Page` for more information about Browser and related concepts.</doc>
<msg timestamp="20210506 23:02:26.453" level="INFO">{"browser": "chromium", "headless": false, "handleSIGINT": true, "handleSIGTERM": true, "handleSIGHUP": true, "timeout": 30000.0, "devtools": false, "slowMo": 0.0}</msg>
<msg timestamp="20210506 23:02:26.896" level="INFO">Successfully created browser with options: {"browser":"chromium","headless":false,"handleSIGINT":true,"handleSIGTERM":true,"handleSIGHUP":true,"timeout":30000,"devtools":false,"slowMo":0}</msg>
<status status="PASS" starttime="20210506 23:02:26.453" endtime="20210506 23:02:26.896"/>
</kw>
<kw name="New Page" library="Browser">
<arg>http://parodifood.qaninja.academy/</arg>
<tag>BrowserControl</tag>
<tag>Setter</tag>
<doc>Open a new Page. A Page is the Playwright equivalent to a tab.
See `Browser, Context and Page` for more information about Page concept.
Returns a stable identifier for the created page.</doc>
<msg timestamp="20210506 23:02:29.244" level="INFO">Successfully initialized new page object and opened url: http://parodifood.qaninja.academy/</msg>
<status status="PASS" starttime="20210506 23:02:26.896" endtime="20210506 23:02:29.244"/>
</kw>
<kw name="Get Text" library="Browser">
<arg>css=span</arg>
<arg>contains</arg>
<arg>Nunca foi tão engraçado pedir comida</arg>
<tag>Assertion</tag>
<tag>Getter</tag>
<tag>PageContent</tag>
<doc>Returns text attribute of the element found by ``selector``.
See the `Finding elements` section for details about the selectors.</doc>
<status status="PASS" starttime="20210506 23:02:29.245" endtime="20210506 23:02:29.339"/>
</kw>
<status status="PASS" starttime="20210506 23:02:26.452" endtime="20210506 23:02:29.339"/>
</kw>
<kw name="Go to restaurantes" library="search">
<kw name="Click" library="Browser">
<arg>text=Estou com fome!</arg>
<tag>PageContent</tag>
<tag>Setter</tag>
<doc>Simulates mouse click on the element found by ``selector``.</doc>
<status status="PASS" starttime="20210506 23:02:29.342" endtime="20210506 23:02:29.549"/>
</kw>
<kw name="Get Text" library="Browser">
<arg>css=h1 strong</arg>
<arg>contains</arg>
<arg>Ta na hora de matar a fome!</arg>
<tag>Assertion</tag>
<tag>Getter</tag>
<tag>PageContent</tag>
<doc>Returns text attribute of the element found by ``selector``.
See the `Finding elements` section for details about the selectors.</doc>
<status status="PASS" starttime="20210506 23:02:29.549" endtime="20210506 23:02:29.577"/>
</kw>
<status status="PASS" starttime="20210506 23:02:29.341" endtime="20210506 23:02:29.578"/>
</kw>
<kw name="Search By" library="search">
<arg>a</arg>
<kw name="Click" library="Browser">
<arg>css=.search-link</arg>
<tag>PageContent</tag>
<tag>Setter</tag>
<doc>Simulates mouse click on the element found by ``selector``.</doc>
<status status="PASS" starttime="20210506 23:02:29.579" endtime="20210506 23:02:29.641"/>
</kw>
<kw name="Fill Text" library="Browser">
<arg>css=input[formcontrolname="searchControl"]</arg>
<arg>${value}</arg>
<tag>PageContent</tag>
<tag>Setter</tag>
<doc>Clears and fills the given ``text`` into the text field found by ``selector``.</doc>
<msg timestamp="20210506 23:02:29.641" level="INFO">Fills the text 'a' in the given field.</msg>
<status status="PASS" starttime="20210506 23:02:29.641" endtime="20210506 23:02:29.673"/>
</kw>
<status status="PASS" starttime="20210506 23:02:29.579" endtime="20210506 23:02:29.674"/>
</kw>
<kw name="Restaurant Count Shold Be" library="search">
<arg>5</arg>
<kw name="Wait For Elements State" library="Browser">
<arg>${DIV_BOX_RESTAURANT}</arg>
<arg>visible</arg>
<arg>12</arg>
<tag>PageContent</tag>
<tag>Wait</tag>
<doc>Waits for the element found by ``selector`` to satisfy state option.</doc>
<msg timestamp="20210506 23:02:30.967" level="INFO">Wait for Element with selector: css=div[class= "place-info-box"][style="opacity: 1;"]</msg>
<status status="PASS" starttime="20210506 23:02:29.676" endtime="20210506 23:02:30.967"/>
</kw>
<kw name="Get Element Count" library="Browser">
<arg>${DIV_BOX_RESTAURANT}</arg>
<arg>equal</arg>
<arg>${qtd}</arg>
<tag>Assertion</tag>
<tag>Getter</tag>
<tag>PageContent</tag>
<doc>Returns the count of elements found with ``selector``.</doc>
<status status="PASS" starttime="20210506 23:02:30.968" endtime="20210506 23:02:30.981"/>
</kw>
<status status="PASS" starttime="20210506 23:02:29.675" endtime="20210506 23:02:30.981"/>
</kw>
<kw name="Take Screenshot" library="Browser" type="TEARDOWN">
<tag>PageContent</tag>
<doc>Takes a screenshot of the current window and saves it to ``path``. Saves it as a png.</doc>
<msg timestamp="20210506 23:02:31.167" level="INFO" html="true">&lt;/td&gt;&lt;/tr&gt;&lt;tr&gt;&lt;td colspan="3"&gt;&lt;a href="browser/screenshot/robotframework-browser-screenshot-3.png"&gt;&lt;img src="browser/screenshot/robotframework-browser-screenshot-3.png" width="800px"&gt;&lt;/a&gt;</msg>
<status status="PASS" starttime="20210506 23:02:30.982" endtime="20210506 23:02:31.167"/>
</kw>
<status status="PASS" starttime="20210506 23:02:26.444" endtime="20210506 23:02:31.167"/>
</test>
<status status="PASS" starttime="20210506 23:02:14.381" endtime="20210506 23:02:31.260"/>
</suite>
<statistics>
<total>
<stat pass="3" fail="0" skip="0">All Tests</stat>
</total>
<tag>
</tag>
<suite>
<stat pass="3" fail="0" skip="0" id="s1" name="Busca">Busca</stat>
</suite>
</statistics>
<errors>
</errors>
</robot>
